app/build/intermediates/manifest_merge_blame_file/debug/manifest-merger-blame-debug-report.txt
1<?xml version="1.0" encoding="utf-8"?>
2<manifest xmlns:android="http://schemas.android.com/apk/res/android"
3    package="com.example.periodictable1"
4    android:versionCode="1"
5    android:versionName="1.0" >
6
7    <uses-sdk
8        android:minSdkVersion="19"
8-->src\main\AndroidManifest.xml
9        android:targetSdkVersion="30" />
9-->src\main\AndroidManifest.xml
10
11    <application
11-->src\main\AndroidManifest.xml:5:5-133:19
12        android:allowBackup="true"
12-->src\main\AndroidManifest.xml:6:9-35
13        android:appComponentFactory="androidx.core.app.CoreComponentFactory"
13-->[androidx.core:core:1.5.0] AndroidManifest.xml:24:18-86
14        android:debuggable="true"
15        android:icon="@mipmap/ic_launcher"
15-->src\main\AndroidManifest.xml:7:9-43
16        android:label="@string/app_name"
16-->src\main\AndroidManifest.xml:8:9-41
17        android:roundIcon="@mipmap/ic_launcher_round"
17-->src\main\AndroidManifest.xml:9:9-54
18        android:supportsRtl="true"
18-->src\main\AndroidManifest.xml:10:9-35
19        android:testOnly="true"
20        android:theme="@style/Theme.PeriodicTable1" >
20-->src\main\AndroidManifest.xml:11:9-52
21        <activity
21-->src\main\AndroidManifest.xml:12:9-15:80
22            android:name="com.example.periodictable1.Zinc"
22-->src\main\AndroidManifest.xml:13:13-33
23            android:label="@string/title_activity_zinc"
23-->src\main\AndroidManifest.xml:14:13-56
24            android:theme="@style/Theme.PeriodicTable1.NoActionBar" />
24-->src\main\AndroidManifest.xml:15:13-68
25        <activity
25-->src\main\AndroidManifest.xml:16:9-19:71
26            android:name="com.example.periodictable1.Copper"
26-->src\main\AndroidManifest.xml:17:13-35
27            android:label="@string/title_activity_copper"
27-->src\main\AndroidManifest.xml:18:13-58
28            android:theme="@style/Theme.PeriodicTable1.NoActionBar" />
28-->src\main\AndroidManifest.xml:19:13-68
29        <activity
29-->src\main\AndroidManifest.xml:20:9-23:71
30            android:name="com.example.periodictable1.Nickel"
30-->src\main\AndroidManifest.xml:21:13-35
31            android:label="@string/title_activity_nickel"
31-->src\main\AndroidManifest.xml:22:13-58
32            android:theme="@style/Theme.PeriodicTable1.NoActionBar" />
32-->src\main\AndroidManifest.xml:23:13-68
33        <activity
33-->src\main\AndroidManifest.xml:24:9-27:71
34            android:name="com.example.periodictable1.Cobalt"
34-->src\main\AndroidManifest.xml:25:13-35
35            android:label="@string/title_activity_cobalt"
35-->src\main\AndroidManifest.xml:26:13-58
36            android:theme="@style/Theme.PeriodicTable1.NoActionBar" />
36-->src\main\AndroidManifest.xml:27:13-68
37        <activity
37-->src\main\AndroidManifest.xml:28:9-31:71
38            android:name="com.example.periodictable1.Iron"
38-->src\main\AndroidManifest.xml:29:13-33
39            android:label="@string/title_activity_iron"
39-->src\main\AndroidManifest.xml:30:13-56
40            android:theme="@style/Theme.PeriodicTable1.NoActionBar" />
40-->src\main\AndroidManifest.xml:31:13-68
41        <activity
41-->src\main\AndroidManifest.xml:32:9-35:71
42            android:name="com.example.periodictable1.Potassium"
42-->src\main\AndroidManifest.xml:33:13-38
43            android:label="@string/title_activity_potassium"
43-->src\main\AndroidManifest.xml:34:13-61
44            android:theme="@style/Theme.PeriodicTable1.NoActionBar" />
44-->src\main\AndroidManifest.xml:35:13-68
45        <activity
45-->src\main\AndroidManifest.xml:36:9-39:71
46            android:name="com.example.periodictable1.Manganese"
46-->src\main\AndroidManifest.xml:37:13-38
47            android:label="@string/title_activity_manganese"
47-->src\main\AndroidManifest.xml:38:13-61
48            android:theme="@style/Theme.PeriodicTable1.NoActionBar" />
48-->src\main\AndroidManifest.xml:39:13-68
49        <activity
49-->src\main\AndroidManifest.xml:40:9-43:71
50            android:name="com.example.periodictable1.Chromium"
50-->src\main\AndroidManifest.xml:41:13-37
51            android:label="@string/title_activity_chromium"
51-->src\main\AndroidManifest.xml:42:13-60
52            android:theme="@style/Theme.PeriodicTable1.NoActionBar" />
52-->src\main\AndroidManifest.xml:43:13-68
53        <activity
53-->src\main\AndroidManifest.xml:44:9-47:71
54            android:name="com.example.periodictable1.Vanadium"
54-->src\main\AndroidManifest.xml:45:13-37
55            android:label="@string/title_activity_vanadium"
55-->src\main\AndroidManifest.xml:46:13-60
56            android:theme="@style/Theme.PeriodicTable1.NoActionBar" />
56-->src\main\AndroidManifest.xml:47:13-68
57        <activity
57-->src\main\AndroidManifest.xml:48:9-51:71
58            android:name="com.example.periodictable1.Titanium"
58-->src\main\AndroidManifest.xml:49:13-37
59            android:label="@string/title_activity_titanium"
59-->src\main\AndroidManifest.xml:50:13-60
60            android:theme="@style/Theme.PeriodicTable1.NoActionBar" />
60-->src\main\AndroidManifest.xml:51:13-68
61        <activity
61-->src\main\AndroidManifest.xml:52:9-55:71
62            android:name="com.example.periodictable1.Scandium"
62-->src\main\AndroidManifest.xml:53:13-37
63            android:label="@string/title_activity_scandium"
63-->src\main\AndroidManifest.xml:54:13-60
64            android:theme="@style/Theme.PeriodicTable1.NoActionBar" />
64-->src\main\AndroidManifest.xml:55:13-68
65        <activity
65-->src\main\AndroidManifest.xml:56:9-59:71
66            android:name="com.example.periodictable1.Calcium"
66-->src\main\AndroidManifest.xml:57:13-36
67            android:label="@string/title_activity_calcium"
67-->src\main\AndroidManifest.xml:58:13-59
68            android:theme="@style/Theme.PeriodicTable1.NoActionBar" />
68-->src\main\AndroidManifest.xml:59:13-68
69        <activity
69-->src\main\AndroidManifest.xml:60:9-63:71
70            android:name="com.example.periodictable1.Argon"
70-->src\main\AndroidManifest.xml:61:13-34
71            android:label="@string/title_activity_argon"
71-->src\main\AndroidManifest.xml:62:13-57
72            android:theme="@style/Theme.PeriodicTable1.NoActionBar" />
72-->src\main\AndroidManifest.xml:63:13-68
73        <activity
73-->src\main\AndroidManifest.xml:64:9-67:71
74            android:name="com.example.periodictable1.Chlorine"
74-->src\main\AndroidManifest.xml:65:13-37
75            android:label="@string/title_activity_chlorine"
75-->src\main\AndroidManifest.xml:66:13-60
76            android:theme="@style/Theme.PeriodicTable1.NoActionBar" />
76-->src\main\AndroidManifest.xml:67:13-68
77        <activity
77-->src\main\AndroidManifest.xml:68:9-71:71
78            android:name="com.example.periodictable1.Sulfur"
78-->src\main\AndroidManifest.xml:69:13-35
79            android:label="@string/title_activity_sulfur"
79-->src\main\AndroidManifest.xml:70:13-58
80            android:theme="@style/Theme.PeriodicTable1.NoActionBar" />
80-->src\main\AndroidManifest.xml:71:13-68
81        <activity
81-->src\main\AndroidManifest.xml:72:9-75:71
82            android:name="com.example.periodictable1.Phosphorus"
82-->src\main\AndroidManifest.xml:73:13-39
83            android:label="@string/title_activity_phosphorus"
83-->src\main\AndroidManifest.xml:74:13-62
84            android:theme="@style/Theme.PeriodicTable1.NoActionBar" />
84-->src\main\AndroidManifest.xml:75:13-68
85        <activity
85-->src\main\AndroidManifest.xml:76:9-79:71
86            android:name="com.example.periodictable1.Silicon"
86-->src\main\AndroidManifest.xml:77:13-36
87            android:label="@string/title_activity_silicon"
87-->src\main\AndroidManifest.xml:78:13-59
88            android:theme="@style/Theme.PeriodicTable1.NoActionBar" />
88-->src\main\AndroidManifest.xml:79:13-68
89        <activity
89-->src\main\AndroidManifest.xml:80:9-83:71
90            android:name="com.example.periodictable1.Aluminum"
90-->src\main\AndroidManifest.xml:81:13-37
91            android:label="@string/title_activity_aluminum"
91-->src\main\AndroidManifest.xml:82:13-60
92            android:theme="@style/Theme.PeriodicTable1.NoActionBar" />
92-->src\main\AndroidManifest.xml:83:13-68
93        <activity
93-->src\main\AndroidManifest.xml:84:9-87:71
94            android:name="com.example.periodictable1.Magnesium"
94-->src\main\AndroidManifest.xml:85:13-38
95            android:label="@string/title_activity_magnesium"
95-->src\main\AndroidManifest.xml:86:13-61
96            android:theme="@style/Theme.PeriodicTable1.NoActionBar" />
96-->src\main\AndroidManifest.xml:87:13-68
97        <activity
97-->src\main\AndroidManifest.xml:88:9-91:71
98            android:name="com.example.periodictable1.Sodium"
98-->src\main\AndroidManifest.xml:89:13-35
99            android:label="@string/title_activity_sodium"
99-->src\main\AndroidManifest.xml:90:13-58
100            android:theme="@style/Theme.PeriodicTable1.NoActionBar" />
100-->src\main\AndroidManifest.xml:91:13-68
101        <activity
101-->src\main\AndroidManifest.xml:92:9-95:71
102            android:name="com.example.periodictable1.Neon"
102-->src\main\AndroidManifest.xml:93:13-33
103            android:label="@string/title_activity_neon"
103-->src\main\AndroidManifest.xml:94:13-56
104            android:theme="@style/Theme.PeriodicTable1.NoActionBar" />
104-->src\main\AndroidManifest.xml:95:13-68
105        <activity
105-->src\main\AndroidManifest.xml:96:9-99:71
106            android:name="com.example.periodictable1.Fluorine"
106-->src\main\AndroidManifest.xml:97:13-37
107            android:label="@string/title_activity_fluorine"
107-->src\main\AndroidManifest.xml:98:13-60
108            android:theme="@style/Theme.PeriodicTable1.NoActionBar" />
108-->src\main\AndroidManifest.xml:99:13-68
109        <activity
109-->src\main\AndroidManifest.xml:100:9-103:71
110            android:name="com.example.periodictable1.Oxygen"
110-->src\main\AndroidManifest.xml:101:13-35
111            android:label="@string/title_activity_oxygen"
111-->src\main\AndroidManifest.xml:102:13-58
112            android:theme="@style/Theme.PeriodicTable1.NoActionBar" />
112-->src\main\AndroidManifest.xml:103:13-68
113        <activity
113-->src\main\AndroidManifest.xml:104:9-107:71
114            android:name="com.example.periodictable1.Nitrogen"
114-->src\main\AndroidManifest.xml:105:13-37
115            android:label="@string/title_activity_nitrogen"
115-->src\main\AndroidManifest.xml:106:13-60
116            android:theme="@style/Theme.PeriodicTable1.NoActionBar" />
116-->src\main\AndroidManifest.xml:107:13-68
117        <activity
117-->src\main\AndroidManifest.xml:108:9-111:71
118            android:name="com.example.periodictable1.Carbon"
118-->src\main\AndroidManifest.xml:109:13-35
119            android:label="@string/title_activity_carbon"
119-->src\main\AndroidManifest.xml:110:13-58
120            android:theme="@style/Theme.PeriodicTable1.NoActionBar" />
120-->src\main\AndroidManifest.xml:111:13-68
121        <activity
121-->src\main\AndroidManifest.xml:112:9-115:71
122            android:name="com.example.periodictable1.Boron"
122-->src\main\AndroidManifest.xml:113:13-34
123            android:label="@string/title_activity_boron"
123-->src\main\AndroidManifest.xml:114:13-57
124            android:theme="@style/Theme.PeriodicTable1.NoActionBar" />
124-->src\main\AndroidManifest.xml:115:13-68
125        <activity
125-->src\main\AndroidManifest.xml:116:9-119:71
126            android:name="com.example.periodictable1.Beryllium"
126-->src\main\AndroidManifest.xml:117:13-38
127            android:label="@string/title_activity_beryllium"
127-->src\main\AndroidManifest.xml:118:13-61
128            android:theme="@style/Theme.PeriodicTable1.NoActionBar" />
128-->src\main\AndroidManifest.xml:119:13-68
129        <activity
129-->src\main\AndroidManifest.xml:120:9-123:71
130            android:name="com.example.periodictable1.Lithium"
130-->src\main\AndroidManifest.xml:121:13-36
131            android:label="@string/title_activity_lithium"
131-->src\main\AndroidManifest.xml:122:13-59
132            android:theme="@style/Theme.PeriodicTable1.NoActionBar" />
132-->src\main\AndroidManifest.xml:123:13-68
133        <activity android:name="com.example.periodictable1.Helium" />
133-->src\main\AndroidManifest.xml:124:9-44
133-->src\main\AndroidManifest.xml:124:19-41
134        <activity android:name="com.example.periodictable1.Hydrogen" />
134-->src\main\AndroidManifest.xml:125:9-46
134-->src\main\AndroidManifest.xml:125:19-43
135        <activity android:name="com.example.periodictable1.MainActivity" >
135-->src\main\AndroidManifest.xml:126:9-132:20
135-->src\main\AndroidManifest.xml:126:19-47
136            <intent-filter>
136-->src\main\AndroidManifest.xml:127:13-131:29
137                <action android:name="android.intent.action.MAIN" />
137-->src\main\AndroidManifest.xml:128:17-69
137-->src\main\AndroidManifest.xml:128:25-66
138
139                <category android:name="android.intent.category.LAUNCHER" />
139-->src\main\AndroidManifest.xml:130:17-77
139-->src\main\AndroidManifest.xml:130:27-74
140            </intent-filter>
141        </activity>
142    </application>
143
144</manifest>